<?xml version="1.0" encoding="UTF-8"?>
<testng-results ignored="0" total="7" passed="7" failed="0" skipped="0">
  <reporter-output>
  </reporter-output>
  <suite started-at="2025-12-04T18:40:01 IST" name="Regression Suite" finished-at="2025-12-04T18:40:29 IST" duration-ms="28009">
    <groups>
    </groups>
    <test started-at="2025-12-04T18:40:01 IST" name="FactorialTests" finished-at="2025-12-04T18:40:29 IST" duration-ms="28009">
      <class name="factorialtest.CClass2">
        <test-method is-config="true" signature="appLunch()[pri:0, instance:factorialtest.CClass2@268f106e]" started-at="2025-12-04T18:40:05 IST" name="appLunch" finished-at="2025-12-04T18:40:08 IST" duration-ms="2985" status="PASS">
          <reporter-output>
          </reporter-output>
        </test-method> <!-- appLunch -->
        <test-method signature="verifyPageDetails()[pri:0, instance:factorialtest.CClass2@268f106e]" started-at="2025-12-04T18:40:08 IST" name="verifyPageDetails" finished-at="2025-12-04T18:40:08 IST" duration-ms="60" status="PASS">
          <reporter-output>
          </reporter-output>
        </test-method> <!-- verifyPageDetails -->
        <test-method is-config="true" signature="appclose()[pri:0, instance:factorialtest.CClass2@268f106e]" started-at="2025-12-04T18:40:08 IST" name="appclose" finished-at="2025-12-04T18:40:08 IST" duration-ms="196" status="PASS">
          <reporter-output>
          </reporter-output>
        </test-method> <!-- appclose -->
      </class> <!-- factorialtest.CClass2 -->
      <class name="factorialtest.CClass3">
        <test-method is-config="true" signature="appLunch()[pri:0, instance:factorialtest.CClass3@6e9a5ed8]" started-at="2025-12-04T18:40:08 IST" name="appLunch" finished-at="2025-12-04T18:40:11 IST" duration-ms="2956" status="PASS">
          <reporter-output>
          </reporter-output>
        </test-method> <!-- appLunch -->
        <test-method signature="verifyFactorial(int,int)[pri:0, instance:factorialtest.CClass3@6e9a5ed8]" started-at="2025-12-04T18:40:11 IST" name="verifyFactorial" data-provider="factorialData" finished-at="2025-12-04T18:40:12 IST" duration-ms="860" status="PASS">
          <params>
            <param index="0">
              <value>
                <![CDATA[4]]>
              </value>
            </param>
            <param index="1">
              <value>
                <![CDATA[24]]>
              </value>
            </param>
          </params>
          <reporter-output>
          </reporter-output>
        </test-method> <!-- verifyFactorial -->
        <test-method is-config="true" signature="appclose()[pri:0, instance:factorialtest.CClass3@6e9a5ed8]" started-at="2025-12-04T18:40:12 IST" name="appclose" finished-at="2025-12-04T18:40:12 IST" duration-ms="179" status="PASS">
          <reporter-output>
          </reporter-output>
        </test-method> <!-- appclose -->
        <test-method is-config="true" signature="appLunch()[pri:0, instance:factorialtest.CClass3@6e9a5ed8]" started-at="2025-12-04T18:40:12 IST" name="appLunch" finished-at="2025-12-04T18:40:15 IST" duration-ms="3067" status="PASS">
          <reporter-output>
          </reporter-output>
        </test-method> <!-- appLunch -->
        <test-method signature="verifyFactorial(int,int)[pri:0, instance:factorialtest.CClass3@6e9a5ed8]" started-at="2025-12-04T18:40:15 IST" name="verifyFactorial" data-provider="factorialData" finished-at="2025-12-04T18:40:16 IST" duration-ms="813" status="PASS">
          <params>
            <param index="0">
              <value>
                <![CDATA[5]]>
              </value>
            </param>
            <param index="1">
              <value>
                <![CDATA[120]]>
              </value>
            </param>
          </params>
          <reporter-output>
          </reporter-output>
        </test-method> <!-- verifyFactorial -->
        <test-method is-config="true" signature="appclose()[pri:0, instance:factorialtest.CClass3@6e9a5ed8]" started-at="2025-12-04T18:40:16 IST" name="appclose" finished-at="2025-12-04T18:40:16 IST" duration-ms="160" status="PASS">
          <reporter-output>
          </reporter-output>
        </test-method> <!-- appclose -->
        <test-method is-config="true" signature="appLunch()[pri:0, instance:factorialtest.CClass3@6e9a5ed8]" started-at="2025-12-04T18:40:16 IST" name="appLunch" finished-at="2025-12-04T18:40:20 IST" duration-ms="3270" status="PASS">
          <reporter-output>
          </reporter-output>
        </test-method> <!-- appLunch -->
        <test-method signature="verifyFactorial(int,int)[pri:0, instance:factorialtest.CClass3@6e9a5ed8]" started-at="2025-12-04T18:40:20 IST" name="verifyFactorial" data-provider="factorialData" finished-at="2025-12-04T18:40:20 IST" duration-ms="815" status="PASS">
          <params>
            <param index="0">
              <value>
                <![CDATA[6]]>
              </value>
            </param>
            <param index="1">
              <value>
                <![CDATA[720]]>
              </value>
            </param>
          </params>
          <reporter-output>
          </reporter-output>
        </test-method> <!-- verifyFactorial -->
        <test-method is-config="true" signature="appclose()[pri:0, instance:factorialtest.CClass3@6e9a5ed8]" started-at="2025-12-04T18:40:20 IST" name="appclose" finished-at="2025-12-04T18:40:21 IST" duration-ms="184" status="PASS">
          <reporter-output>
          </reporter-output>
        </test-method> <!-- appclose -->
      </class> <!-- factorialtest.CClass3 -->
      <class name="factorialtest.CClass1">
        <test-method is-config="true" signature="appLunch()[pri:0, instance:factorialtest.CClass1@795509d9]" started-at="2025-12-04T18:40:01 IST" name="appLunch" finished-at="2025-12-04T18:40:05 IST" duration-ms="3742" status="PASS">
          <reporter-output>
          </reporter-output>
        </test-method> <!-- appLunch -->
        <test-method signature="validateUIElements()[pri:0, instance:factorialtest.CClass1@795509d9]" started-at="2025-12-04T18:40:05 IST" name="validateUIElements" finished-at="2025-12-04T18:40:05 IST" duration-ms="249" status="PASS">
          <reporter-output>
          </reporter-output>
        </test-method> <!-- validateUIElements -->
        <test-method is-config="true" signature="appclose()[pri:0, instance:factorialtest.CClass1@795509d9]" started-at="2025-12-04T18:40:05 IST" name="appclose" finished-at="2025-12-04T18:40:05 IST" duration-ms="189" status="PASS">
          <reporter-output>
          </reporter-output>
        </test-method> <!-- appclose -->
      </class> <!-- factorialtest.CClass1 -->
      <class name="factorialtest.CClass4">
        <test-method is-config="true" signature="appLunch()[pri:0, instance:factorialtest.CClass4@7e057f43]" started-at="2025-12-04T18:40:21 IST" name="appLunch" finished-at="2025-12-04T18:40:24 IST" duration-ms="3207" status="PASS">
          <reporter-output>
          </reporter-output>
        </test-method> <!-- appLunch -->
        <test-method signature="verifyAboutLinks()[pri:0, instance:factorialtest.CClass4@7e057f43]" started-at="2025-12-04T18:40:24 IST" name="verifyAboutLinks" finished-at="2025-12-04T18:40:25 IST" duration-ms="1230" status="PASS">
          <reporter-output>
          </reporter-output>
        </test-method> <!-- verifyAboutLinks -->
        <test-method is-config="true" signature="appclose()[pri:0, instance:factorialtest.CClass4@7e057f43]" started-at="2025-12-04T18:40:25 IST" name="appclose" finished-at="2025-12-04T18:40:25 IST" duration-ms="196" status="PASS">
          <reporter-output>
          </reporter-output>
        </test-method> <!-- appclose -->
      </class> <!-- factorialtest.CClass4 -->
      <class name="factorialtest.CClass5">
        <test-method is-config="true" signature="appLunch()[pri:0, instance:factorialtest.CClass5@6c284af]" started-at="2025-12-04T18:40:25 IST" name="appLunch" finished-at="2025-12-04T18:40:28 IST" duration-ms="3005" status="PASS">
          <reporter-output>
          </reporter-output>
        </test-method> <!-- appLunch -->
        <test-method signature="verifyFactorialNotDisplayedForFourDigitInput()[pri:0, instance:factorialtest.CClass5@6c284af]" started-at="2025-12-04T18:40:28 IST" name="verifyFactorialNotDisplayedForFourDigitInput" finished-at="2025-12-04T18:40:29 IST" duration-ms="325" status="PASS">
          <reporter-output>
          </reporter-output>
        </test-method> <!-- verifyFactorialNotDisplayedForFourDigitInput -->
        <test-method is-config="true" signature="appclose()[pri:0, instance:factorialtest.CClass5@6c284af]" started-at="2025-12-04T18:40:29 IST" name="appclose" finished-at="2025-12-04T18:40:29 IST" duration-ms="205" status="PASS">
          <reporter-output>
          </reporter-output>
        </test-method> <!-- appclose -->
      </class> <!-- factorialtest.CClass5 -->
    </test> <!-- FactorialTests -->
  </suite> <!-- Regression Suite -->
</testng-results>
