<?xml version="1.0" encoding="UTF-8"?>
<testng-results ignored="0" total="5" passed="5" failed="0" skipped="0">
  <reporter-output>
  </reporter-output>
  <suite started-at="2025-12-03T22:50:06 IST" name="QKartAutomationSuite" finished-at="2025-12-03T22:50:41 IST" duration-ms="35347">
    <groups>
    </groups>
    <test started-at="2025-12-03T22:50:06 IST" name="AllTests" finished-at="2025-12-03T22:50:41 IST" duration-ms="35347">
      <class name="tests.Class4_LoginTest">
        <test-method is-config="true" signature="setUp()[pri:0, instance:tests.Class4_LoginTest@536f2a7e]" started-at="2025-12-03T22:50:19 IST" name="setUp" finished-at="2025-12-03T22:50:24 IST" duration-ms="5120" status="PASS">
          <reporter-output>
          </reporter-output>
        </test-method> <!-- setUp -->
        <test-method signature="loginFunctionality()[pri:0, instance:tests.Class4_LoginTest@536f2a7e]" started-at="2025-12-03T22:50:24 IST" name="loginFunctionality" finished-at="2025-12-03T22:50:25 IST" duration-ms="993" status="PASS">
          <reporter-output>
          </reporter-output>
        </test-method> <!-- loginFunctionality -->
        <test-method is-config="true" signature="tearDown()[pri:0, instance:tests.Class4_LoginTest@536f2a7e]" started-at="2025-12-03T22:50:25 IST" name="tearDown" finished-at="2025-12-03T22:50:26 IST" duration-ms="329" status="PASS">
          <reporter-output>
          </reporter-output>
        </test-method> <!-- tearDown -->
      </class> <!-- tests.Class4_LoginTest -->
      <class name="tests.Class3_VerifyText">
        <test-method is-config="true" signature="setUp()[pri:0, instance:tests.Class3_VerifyText@312aa7c]" started-at="2025-12-03T22:50:16 IST" name="setUp" finished-at="2025-12-03T22:50:19 IST" duration-ms="2882" status="PASS">
          <reporter-output>
          </reporter-output>
        </test-method> <!-- setUp -->
        <test-method signature="verifyTextAndURL()[pri:0, instance:tests.Class3_VerifyText@312aa7c]" started-at="2025-12-03T22:50:19 IST" name="verifyTextAndURL" finished-at="2025-12-03T22:50:19 IST" duration-ms="105" status="PASS">
          <reporter-output>
          </reporter-output>
        </test-method> <!-- verifyTextAndURL -->
        <test-method is-config="true" signature="tearDown()[pri:0, instance:tests.Class3_VerifyText@312aa7c]" started-at="2025-12-03T22:50:19 IST" name="tearDown" finished-at="2025-12-03T22:50:19 IST" duration-ms="378" status="PASS">
          <reporter-output>
          </reporter-output>
        </test-method> <!-- tearDown -->
      </class> <!-- tests.Class3_VerifyText -->
      <class name="tests.Class1_UIValidation">
        <test-method is-config="true" signature="setUp()[pri:0, instance:tests.Class1_UIValidation@5386659f]" started-at="2025-12-03T22:50:06 IST" name="setUp" finished-at="2025-12-03T22:50:11 IST" duration-ms="4969" status="PASS">
          <reporter-output>
          </reporter-output>
        </test-method> <!-- setUp -->
        <test-method signature="validateUIElements()[pri:0, instance:tests.Class1_UIValidation@5386659f]" started-at="2025-12-03T22:50:11 IST" name="validateUIElements" finished-at="2025-12-03T22:50:11 IST" duration-ms="174" status="PASS">
          <reporter-output>
          </reporter-output>
        </test-method> <!-- validateUIElements -->
        <test-method is-config="true" signature="tearDown()[pri:0, instance:tests.Class1_UIValidation@5386659f]" started-at="2025-12-03T22:50:11 IST" name="tearDown" finished-at="2025-12-03T22:50:12 IST" duration-ms="581" status="PASS">
          <reporter-output>
          </reporter-output>
        </test-method> <!-- tearDown -->
      </class> <!-- tests.Class1_UIValidation -->
      <class name="tests.Class5_BugScenario">
        <test-method is-config="true" signature="setUp()[pri:0, instance:tests.Class5_BugScenario@72bc6553]" started-at="2025-12-03T22:50:26 IST" name="setUp" finished-at="2025-12-03T22:50:30 IST" duration-ms="3989" status="PASS">
          <reporter-output>
          </reporter-output>
        </test-method> <!-- setUp -->
        <test-method signature="verifyPaymentMethodsBug()[pri:0, instance:tests.Class5_BugScenario@72bc6553]" started-at="2025-12-03T22:50:30 IST" name="verifyPaymentMethodsBug" finished-at="2025-12-03T22:50:41 IST" duration-ms="11467" status="PASS">
          <reporter-output>
          </reporter-output>
        </test-method> <!-- verifyPaymentMethodsBug -->
        <test-method is-config="true" signature="tearDown()[pri:0, instance:tests.Class5_BugScenario@72bc6553]" started-at="2025-12-03T22:50:41 IST" name="tearDown" finished-at="2025-12-03T22:50:41 IST" duration-ms="394" status="PASS">
          <reporter-output>
          </reporter-output>
        </test-method> <!-- tearDown -->
      </class> <!-- tests.Class5_BugScenario -->
      <class name="tests.Class2_ImageLinkTest">
        <test-method is-config="true" signature="setUp()[pri:0, instance:tests.Class2_ImageLinkTest@c430e6c]" started-at="2025-12-03T22:50:12 IST" name="setUp" finished-at="2025-12-03T22:50:13 IST" duration-ms="1466" status="PASS">
          <reporter-output>
          </reporter-output>
        </test-method> <!-- setUp -->
        <test-method signature="verifyImagesAndLinks()[pri:0, instance:tests.Class2_ImageLinkTest@c430e6c]" started-at="2025-12-03T22:50:13 IST" name="verifyImagesAndLinks" finished-at="2025-12-03T22:50:15 IST" duration-ms="2082" status="PASS">
          <reporter-output>
          </reporter-output>
        </test-method> <!-- verifyImagesAndLinks -->
        <test-method is-config="true" signature="tearDown()[pri:0, instance:tests.Class2_ImageLinkTest@c430e6c]" started-at="2025-12-03T22:50:15 IST" name="tearDown" finished-at="2025-12-03T22:50:16 IST" duration-ms="331" status="PASS">
          <reporter-output>
          </reporter-output>
        </test-method> <!-- tearDown -->
      </class> <!-- tests.Class2_ImageLinkTest -->
    </test> <!-- AllTests -->
  </suite> <!-- QKartAutomationSuite -->
</testng-results>
