<?xml version="1.0" encoding="UTF-8"?>
<!-- Generated by org.testng.reporters.JUnitXMLReporter -->
<testsuite ignored="0" hostname="DESKTOP-L7UPJCH" failures="0" tests="7" name="FactorialTests" time="28.009" errors="0" timestamp="2025-12-04T18:40:29 IST">
  <testcase classname="factorialtest.CClass1" name="validateUIElements" time="0.249"/>
  <testcase classname="factorialtest.CClass2" name="verifyPageDetails" time="0.06"/>
  <testcase classname="factorialtest.CClass3" name="verifyFactorial" time="0.86"/>
  <testcase classname="factorialtest.CClass3" name="verifyFactorial" time="0.813"/>
  <testcase classname="factorialtest.CClass3" name="verifyFactorial" time="0.815"/>
  <testcase classname="factorialtest.CClass4" name="verifyAboutLinks" time="1.23"/>
  <testcase classname="factorialtest.CClass5" name="verifyFactorialNotDisplayedForFourDigitInput" time="0.325"/>
</testsuite> <!-- FactorialTests -->
