<?xml version="1.0" encoding="UTF-8"?>
<!-- Generated by org.testng.reporters.JUnitReportReporter -->
<testsuite hostname="DESKTOP-L7UPJCH" failures="0" tests="3" name="factorialtest.CClass3" time="12.304" errors="0" timestamp="2025-12-04T18:40:29 IST" skipped="0">
  <testcase classname="factorialtest.CClass3" name="verifyFactorial" time="3.931"/>
  <testcase classname="factorialtest.CClass3" name="verifyFactorial" time="4.059"/>
  <testcase classname="factorialtest.CClass3" name="verifyFactorial" time="4.314"/>
</testsuite> <!-- factorialtest.CClass3 -->
