<?xml version="1.0" encoding="UTF-8"?>
<!-- Generated by org.testng.reporters.JUnitXMLReporter -->
<testsuite ignored="0" hostname="DESKTOP-L7UPJCH" failures="0" tests="5" name="AllTests" time="35.347" errors="0" timestamp="2025-12-03T22:50:42 IST">
  <testcase classname="tests.Class1_UIValidation" name="validateUIElements" time="0.174"/>
  <testcase classname="tests.Class2_ImageLinkTest" name="verifyImagesAndLinks" time="2.082"/>
  <testcase classname="tests.Class3_VerifyText" name="verifyTextAndURL" time="0.105"/>
  <testcase classname="tests.Class4_LoginTest" name="loginFunctionality" time="0.993"/>
  <testcase classname="tests.Class5_BugScenario" name="verifyPaymentMethodsBug" time="11.467"/>
</testsuite> <!-- AllTests -->
